<?xml version="1.0" encoding="UTF-8"?>
<!-- Generated by org.testng.reporters.JUnitReportReporter -->
<testsuite skipped="0" hostname="PIYUSH-PC" name="vtigertest.CreateOrganization" tests="1" failures="0" timestamp="2021-05-02T21:32:25 IST" time="17.202" errors="0">
  <testcase name="createOrganization" time="17.202" classname="vtigertest.CreateOrganization"/>
</testsuite> <!-- vtigertest.CreateOrganization -->
