<?xml version="1.0" encoding="UTF-8"?>
<!-- Generated by org.testng.reporters.JUnitReportReporter -->
<testsuite skipped="0" hostname="PIYUSH-PC" name="vtigerSDET13.GetData" tests="1" failures="0" timestamp="2021-05-02T14:16:50 IST" time="0.019" errors="1">
  <testcase name="getData" time="0.019" classname="vtigerSDET13.GetData">
    <error type="java.lang.Error" message="Unresolved compilation problems: 
	Syntax error, insert &quot;:: IdentifierOrNew&quot; to complete ReferenceExpression
	Syntax error, insert &quot;AssignmentOperator Expression&quot; to complete Assignment
	Syntax error, insert &quot;;&quot; to complete Statement
	String cannot be resolved to a variable
	testCaseID cannot be resolved to a variable
	i cannot be resolved to a variable
	testCaseID cannot be resolved
	i cannot be resolved to a variable
	Syntax error, insert &quot;}&quot; to complete ClassBody
">
      <![CDATA[java.lang.Error: Unresolved compilation problems: 
Syntax error, insert ":: IdentifierOrNew" to complete ReferenceExpression
Syntax error, insert "AssignmentOperator Expression" to complete Assignment
Syntax error, insert ";" to complete Statement
String cannot be resolved to a variable
testCaseID cannot be resolved to a variable
i cannot be resolved to a variable
testCaseID cannot be resolved
i cannot be resolved to a variable
Syntax error, insert "}" to complete ClassBody

at vtiger.GenericUtils.ExcelUtility.<init>(ExcelUtility.java:74)
at vtigerSDET13.GetData.getData(GetData.java:11)
at sun.reflect.NativeMethodAccessorImpl.invoke0(Native Method)
at sun.reflect.NativeMethodAccessorImpl.invoke(Unknown Source)
at sun.reflect.DelegatingMethodAccessorImpl.invoke(Unknown Source)
at java.lang.reflect.Method.invoke(Unknown Source)
at org.testng.internal.MethodInvocationHelper.invokeMethod(MethodInvocationHelper.java:133)
at org.testng.internal.TestInvoker.invokeMethod(TestInvoker.java:584)
at org.testng.internal.TestInvoker.invokeTestMethod(TestInvoker.java:172)
at org.testng.internal.MethodRunner.runInSequence(MethodRunner.java:46)
at org.testng.internal.TestInvoker$MethodInvocationAgent.invoke(TestInvoker.java:804)
at org.testng.internal.TestInvoker.invokeTestMethods(TestInvoker.java:145)
at org.testng.internal.TestMethodWorker.invokeTestMethods(TestMethodWorker.java:146)
at org.testng.internal.TestMethodWorker.run(TestMethodWorker.java:128)
at java.util.ArrayList.forEach(Unknown Source)
at org.testng.TestRunner.privateRun(TestRunner.java:770)
at org.testng.TestRunner.run(TestRunner.java:591)
at org.testng.SuiteRunner.runTest(SuiteRunner.java:402)
at org.testng.SuiteRunner.runSequentially(SuiteRunner.java:396)
at org.testng.SuiteRunner.privateRun(SuiteRunner.java:355)
at org.testng.SuiteRunner.run(SuiteRunner.java:304)
at org.testng.SuiteRunnerWorker.runSuite(SuiteRunnerWorker.java:53)
at org.testng.SuiteRunnerWorker.run(SuiteRunnerWorker.java:96)
at org.testng.TestNG.runSuitesSequentially(TestNG.java:1180)
at org.testng.TestNG.runSuitesLocally(TestNG.java:1102)
at org.testng.TestNG.runSuites(TestNG.java:1032)
at org.testng.TestNG.run(TestNG.java:1000)
at org.testng.remote.AbstractRemoteTestNG.run(AbstractRemoteTestNG.java:115)
at org.testng.remote.RemoteTestNG.initAndRun(RemoteTestNG.java:251)
at org.testng.remote.RemoteTestNG.main(RemoteTestNG.java:77)
]]>
    </error>
  </testcase> <!-- getData -->
</testsuite> <!-- vtigerSDET13.GetData -->
