<?xml version="1.0" encoding="UTF-8"?>
<!-- Generated by org.testng.reporters.JUnitReportReporter -->
<testsuite skipped="0" hostname="PIYUSH-PC" name="vtigertest.SearchLeadByClickingOnPhone_Test" tests="1" failures="0" timestamp="2021-05-05T21:49:31 IST" time="20.333" errors="0">
  <testcase name="creatLead" time="20.333" classname="vtigertest.SearchLeadByClickingOnPhone_Test"/>
</testsuite> <!-- vtigertest.SearchLeadByClickingOnPhone_Test -->
