<?xml version="1.0" encoding="UTF-8"?>
<!-- Generated by org.testng.reporters.JUnitReportReporter -->
<testsuite skipped="0" hostname="PIYUSH-PC" name="vtigertest.CreateIndustryWithOrganization" tests="1" failures="0" timestamp="2021-05-02T22:38:22 IST" time="55.170" errors="0">
  <testcase name="createIndustry" time="55.170" classname="vtigertest.CreateIndustryWithOrganization"/>
</testsuite> <!-- vtigertest.CreateIndustryWithOrganization -->
