<?xml version="1.0" encoding="UTF-8"?>
<!-- Generated by org.testng.reporters.JUnitReportReporter -->
<testsuite skipped="0" hostname="PIYUSH-PC" name="vtigertest.SearchLeadByClickingOnEmail_Test" tests="1" failures="0" timestamp="2021-05-06T06:49:06 IST" time="19.384" errors="0">
  <testcase name="creatLead" time="19.384" classname="vtigertest.SearchLeadByClickingOnEmail_Test"/>
</testsuite> <!-- vtigertest.SearchLeadByClickingOnEmail_Test -->
