<?xml version="1.0" encoding="UTF-8"?>
<!-- Generated by org.testng.reporters.JUnitReportReporter -->
<testsuite skipped="0" hostname="PIYUSH-PC" name="vtigertest.SearchLeadBYClickingOnAssigned_Test" tests="1" failures="0" timestamp="2021-05-06T07:28:08 IST" time="21.139" errors="0">
  <testcase name="creatLead" time="21.139" classname="vtigertest.SearchLeadBYClickingOnAssigned_Test"/>
</testsuite> <!-- vtigertest.SearchLeadBYClickingOnAssigned_Test -->
