<?xml version="1.0" encoding="UTF-8"?>
<!-- Generated by org.testng.reporters.JUnitReportReporter -->
<testsuite skipped="0" hostname="PIYUSH-PC" name="vtigerSDET13.DataDrivenTest" tests="2" failures="0" timestamp="2021-05-02T13:21:36 IST" time="0.020" errors="0">
  <testcase name="test" time="0.003" classname="vtigerSDET13.DataDrivenTest"/>
  <testcase name="test" time="0.017" classname="vtigerSDET13.DataDrivenTest"/>
</testsuite> <!-- vtigerSDET13.DataDrivenTest -->
