<?xml version="1.0" encoding="UTF-8"?>
<!-- Generated by org.testng.reporters.JUnitReportReporter -->
<testsuite skipped="0" hostname="PIYUSH-PC" name="vtiger.Test" tests="1" failures="0" timestamp="2021-04-30T09:39:50 IST" time="9.009" errors="0">
  <testcase name="demo" time="9.009" classname="vtiger.Test"/>
</testsuite> <!-- vtiger.Test -->
